  Proyecto 2.cpp
C:\Users\olapu\source\repos\Proyecto 2\Proyecto 2\GrafoMatrix.h(142,1): warning C4267: 'argumento': conversión de 'size_t' a 'int'; posible pérdida de datos
C:\Users\olapu\source\repos\Proyecto 2\Proyecto 2\Proyecto 2.cpp(18,16): warning C4244: 'inicializando': conversión de 'unsigned __int64' a 'unsigned int'; posible pérdida de datos
C:\Users\olapu\source\repos\Proyecto 2\Proyecto 2\Proyecto 2.cpp(33,20): warning C4244: '=': conversión de 'unsigned __int64' a 'unsigned int'; posible pérdida de datos
C:\Users\olapu\source\repos\Proyecto 2\Proyecto 2\Proyecto 2.cpp(55,19): warning C4244: '=': conversión de 'unsigned __int64' a 'unsigned int'; posible pérdida de datos
C:\Users\olapu\source\repos\Proyecto 2\Proyecto 2\Proyecto 2.cpp(59,20): warning C4244: '=': conversión de 'unsigned __int64' a 'unsigned int'; posible pérdida de datos
C:\Users\olapu\source\repos\Proyecto 2\Proyecto 2\Proyecto 2.cpp(80,19): warning C4244: '=': conversión de 'unsigned __int64' a 'unsigned int'; posible pérdida de datos
C:\Users\olapu\source\repos\Proyecto 2\Proyecto 2\Proyecto 2.cpp(84,20): warning C4244: '=': conversión de 'unsigned __int64' a 'unsigned int'; posible pérdida de datos
C:\Users\olapu\source\repos\Proyecto 2\Proyecto 2\Proyecto 2.cpp(107,20): warning C4244: '=': conversión de 'unsigned __int64' a 'unsigned int'; posible pérdida de datos
C:\Users\olapu\source\repos\Proyecto 2\Proyecto 2\Proyecto 2.cpp(129,19): warning C4244: '=': conversión de 'unsigned __int64' a 'unsigned int'; posible pérdida de datos
C:\Users\olapu\source\repos\Proyecto 2\Proyecto 2\Proyecto 2.cpp(133,20): warning C4244: '=': conversión de 'unsigned __int64' a 'unsigned int'; posible pérdida de datos
C:\Users\olapu\source\repos\Proyecto 2\Proyecto 2\Proyecto 2.cpp(154,19): warning C4244: '=': conversión de 'unsigned __int64' a 'unsigned int'; posible pérdida de datos
C:\Users\olapu\source\repos\Proyecto 2\Proyecto 2\Proyecto 2.cpp(158,20): warning C4244: '=': conversión de 'unsigned __int64' a 'unsigned int'; posible pérdida de datos
C:\Users\olapu\source\repos\Proyecto 2\Proyecto 2\Proyecto 2.cpp(340,19): warning C4244: 'argumento': conversión de 'double' a 'const _Ty'; posible pérdida de datos
          with
          [
              _Ty=int
          ]
C:\Users\olapu\source\repos\Proyecto 2\Proyecto 2\Proyecto 2.cpp(341,19): warning C4244: 'argumento': conversión de 'double' a 'const _Ty'; posible pérdida de datos
          with
          [
              _Ty=int
          ]
C:\Users\olapu\source\repos\Proyecto 2\Proyecto 2\Proyecto 2.cpp(446,22): warning C4244: '=': conversión de 'unsigned __int64' a 'unsigned int'; posible pérdida de datos
C:\Users\olapu\source\repos\Proyecto 2\Proyecto 2\BinaryTree.h(171,1): warning C4267: 'argumento': conversión de 'size_t' a 'int'; posible pérdida de datos
C:\Users\olapu\source\repos\Proyecto 2\Proyecto 2\BinaryTree.h(138): message : al compilar la función del miembro clase plantilla "E BST<E>::remover(E)"
          with
          [
              E=int
          ]
C:\Users\olapu\source\repos\Proyecto 2\Proyecto 2\Proyecto 2.cpp(65): message : Vea la referencia a la creación de una instancia de la función plantilla "E BST<E>::remover(E)" que se está compilando
          with
          [
              E=int
          ]
C:\Users\olapu\source\repos\Proyecto 2\Proyecto 2\Proyecto 2.cpp(16): message : Vea la referencia a la creación de una instancia de clase plantilla "BST<int>" que se está compilando
C:\Users\olapu\source\repos\Proyecto 2\Proyecto 2\BinaryTree.h(178,1): warning C4267: 'argumento': conversión de 'size_t' a 'int'; posible pérdida de datos
C:\Users\olapu\source\repos\Proyecto 2\Proyecto 2\BinaryTree.h(182,1): warning C4267: 'argumento': conversión de 'size_t' a 'int'; posible pérdida de datos
  Generando código
  14 of 251 functions ( 5.6%) were compiled, the rest were copied from previous compilation.
    0 functions were new in current compilation
    6 functions had inline decision re-evaluated but remain unchanged
  Generación de código finalizada
  Proyecto 2.vcxproj -> C:\Users\olapu\source\repos\Proyecto 2\x64\Release\Proyecto 2.exe
